TN:
SF:C:\kxh\Development\github.bobenut\vcontact\src\frontend\src\components\contactsPanel.vue
FN:211,(anonymous_0)
FN:219,(anonymous_1)
FN:226,(anonymous_2)
FN:235,(anonymous_3)
FNF:4
FNH:0
FNDA:0,(anonymous_0)
FNDA:0,(anonymous_1)
FNDA:0,(anonymous_2)
FNDA:0,(anonymous_3)
DA:178,1
DA:206,0
DA:211,0
DA:212,0
DA:213,0
DA:214,0
DA:215,0
DA:217,0
DA:220,0
DA:224,0
DA:227,0
DA:228,0
DA:233,0
DA:236,0
DA:237,0
DA:242,0
DA:245,0
DA:248,0
DA:249,0
DA:250,0
DA:253,0
DA:257,1
LF:22
LH:2
BRDA:212,0,0,0
BRDA:212,0,1,0
BRF:2
BRH:0
end_of_record
TN:
SF:C:\kxh\Development\github.bobenut\vcontact\src\frontend\src\components\contactsItmes.vue
FNF:0
FNH:0
DA:36,0
DA:40,0
DA:41,0
DA:42,0
DA:45,0
LF:5
LH:0
BRDA:41,0,0,0
BRDA:41,0,1,0
BRF:2
BRH:0
end_of_record
TN:
SF:C:\kxh\Development\github.bobenut\vcontact\src\frontend\src\components\contactsItem.vue
FNF:0
FNH:0
DA:25,0
DA:29,0
DA:30,0
DA:31,0
DA:34,0
LF:5
LH:0
BRDA:30,0,0,0
BRDA:30,0,1,0
BRF:2
BRH:0
end_of_record
TN:
SF:C:\kxh\Development\github.bobenut\vcontact\src\frontend\src\components\contactDialog.vue
FNF:0
FNH:0
DA:29,0
LF:1
LH:0
BRF:0
BRH:0
end_of_record
TN:
SF:C:\kxh\Development\github.bobenut\vcontact\src\frontend\src\components\Hello.vue
FNF:0
FNH:0
DA:27,0
LF:1
LH:0
BRF:0
BRH:0
end_of_record
TN:
SF:C:\kxh\Development\github.bobenut\vcontact\src\frontend\src\App.vue
FNF:0
FNH:0
LF:0
LH:0
BRF:0
BRH:0
end_of_record
TN:
SF:C:\kxh\Development\github.bobenut\vcontact\src\frontend\src\components\index.vue
FNF:0
FNH:0
DA:20,0
LF:1
LH:0
BRF:0
BRH:0
end_of_record
TN:
SF:C:\kxh\Development\github.bobenut\vcontact\src\frontend\src\filters.js
FN:3,(anonymous_0)
FNF:1
FNH:0
FNDA:0,(anonymous_0)
DA:3,1
DA:4,0
DA:5,0
DA:8,0
LF:4
LH:1
BRDA:4,0,0,0
BRDA:4,0,1,0
BRF:2
BRH:0
end_of_record
TN:
SF:C:\kxh\Development\github.bobenut\vcontact\src\frontend\src\router\index.js
FNF:0
FNH:0
DA:5,1
LF:1
LH:1
BRF:0
BRH:0
end_of_record
TN:
SF:C:\kxh\Development\github.bobenut\vcontact\src\frontend\src\store\actions.js
FN:4,(anonymous_0)
FN:6,(anonymous_1)
FN:9,(anonymous_2)
FNF:3
FNH:0
FNDA:0,(anonymous_0)
FNDA:0,(anonymous_1)
FNDA:0,(anonymous_2)
DA:4,1
DA:5,0
DA:7,0
DA:10,0
LF:4
LH:1
BRF:0
BRH:0
end_of_record
TN:
SF:C:\kxh\Development\github.bobenut\vcontact\src\frontend\src\store\mutationTypes.js
FNF:0
FNH:0
DA:1,1
DA:2,1
DA:3,1
DA:4,1
LF:4
LH:4
BRF:0
BRH:0
end_of_record
TN:
SF:C:\kxh\Development\github.bobenut\vcontact\src\frontend\src\store\getters.js
FN:5,(anonymous_0)
FNF:1
FNH:0
FNDA:0,(anonymous_0)
DA:5,1
LF:1
LH:1
BRF:0
BRH:0
end_of_record
TN:
SF:C:\kxh\Development\github.bobenut\vcontact\src\frontend\src\store\index.js
FNF:0
FNH:0
DA:8,1
LF:1
LH:1
BRF:0
BRH:0
end_of_record
TN:
SF:C:\kxh\Development\github.bobenut\vcontact\src\frontend\src\store\modules\contacts.js
FN:12,(anonymous_0)
FN:19,(anonymous_1)
FN:23,(anonymous_2)
FN:37,(anonymous_3)
FN:41,(anonymous_4)
FN:55,(anonymous_5)
FN:60,(anonymous_6)
FN:74,(anonymous_7)
FN:79,(anonymous_8)
FNF:9
FNH:0
FNDA:0,(anonymous_0)
FNDA:0,(anonymous_1)
FNDA:0,(anonymous_2)
FNDA:0,(anonymous_3)
FNDA:0,(anonymous_4)
FNDA:0,(anonymous_5)
FNDA:0,(anonymous_6)
FNDA:0,(anonymous_7)
FNDA:0,(anonymous_8)
DA:5,1
DA:11,1
DA:12,0
DA:16,1
DA:18,0
DA:20,0
DA:21,0
DA:24,0
DA:25,0
DA:29,0
DA:38,0
DA:39,0
DA:42,0
DA:43,0
DA:47,0
DA:56,0
DA:57,0
DA:58,0
DA:61,0
DA:62,0
DA:66,0
DA:75,0
DA:76,0
DA:77,0
DA:80,0
DA:81,0
DA:87,1
DA:89,0
DA:118,0
DA:119,0
DA:120,0
DA:121,0
LF:32
LH:4
BRF:0
BRH:0
end_of_record
TN:
SF:C:\kxh\Development\github.bobenut\vcontact\src\frontend\src\store\mutations.js
FNF:0
FNH:0
DA:3,1
DA:35,1
DA:37,0
DA:38,0
DA:39,0
DA:40,0
LF:6
LH:2
BRF:0
BRH:0
end_of_record
TN:
SF:C:\kxh\Development\github.bobenut\vcontact\src\frontend\src\validators.js
FNF:0
FNH:0
DA:4,1
LF:1
LH:1
BRF:0
BRH:0
end_of_record
